Analysis & Synthesis report for Frecuencimetro
Tue Apr 30 19:25:54 2013
Quartus II Version 9.0 Build 235 06/17/2009 Service Pack 2 SJ Web Edition


---------------------
; Table of Contents ;
---------------------
  1. Legal Notice
  2. Analysis & Synthesis Summary
  3. Analysis & Synthesis Settings
  4. Analysis & Synthesis Source Files Read
  5. Analysis & Synthesis Resource Usage Summary
  6. Analysis & Synthesis Resource Utilization by Entity
  7. General Register Statistics
  8. Source assignments for lpm_counter:pulsosSenial_rtl_0
  9. Source assignments for lpm_counter:pulsosReloj_rtl_1
 10. Parameter Settings for Inferred Entity Instance: lpm_counter:pulsosSenial_rtl_0
 11. Parameter Settings for Inferred Entity Instance: lpm_counter:pulsosReloj_rtl_1
 12. Parameter Settings for Inferred Entity Instance: lpm_divide:Div0
 13. Analysis & Synthesis Messages



----------------
; Legal Notice ;
----------------
Copyright (C) 1991-2009 Altera Corporation
Your use of Altera Corporation's design tools, logic functions 
and other software and tools, and its AMPP partner logic 
functions, and any output files from any of the foregoing 
(including device programming or simulation files), and any 
associated documentation or information are expressly subject 
to the terms and conditions of the Altera Program License 
Subscription Agreement, Altera MegaCore Function License 
Agreement, or other applicable license agreement, including, 
without limitation, that your use is for the sole purpose of 
programming logic devices manufactured by Altera and sold by 
Altera or its authorized distributors.  Please refer to the 
applicable agreement for further details.



+----------------------------------------------------------------------------+
; Analysis & Synthesis Summary                                               ;
+-----------------------------+----------------------------------------------+
; Analysis & Synthesis Status ; Successful - Tue Apr 30 19:25:54 2013        ;
; Quartus II Version          ; 9.0 Build 235 06/17/2009 SP 2 SJ Web Edition ;
; Revision Name               ; Frecuencimetro                               ;
; Top-level Entity Name       ; Frecuencimetro                               ;
; Family                      ; FLEX10K                                      ;
; Total logic elements        ; 95                                           ;
; Total pins                  ; 16                                           ;
; Total memory bits           ; 0                                            ;
+-----------------------------+----------------------------------------------+


+-------------------------------------------------------------------------------------------------+
; Analysis & Synthesis Settings                                                                   ;
+--------------------------------------------------------------+-----------------+----------------+
; Option                                                       ; Setting         ; Default Value  ;
+--------------------------------------------------------------+-----------------+----------------+
; Device                                                       ; EPF10K70RC240-4 ;                ;
; Top-level entity name                                        ; Frecuencimetro  ; Frecuencimetro ;
; Family name                                                  ; FLEX10K         ; Stratix II     ;
; Use Generated Physical Constraints File                      ; Off             ;                ;
; Use smart compilation                                        ; Off             ; Off            ;
; Create Debugging Nodes for IP Cores                          ; Off             ; Off            ;
; Preserve fewer node names                                    ; On              ; On             ;
; Disable OpenCore Plus hardware evaluation                    ; Off             ; Off            ;
; Verilog Version                                              ; Verilog_2001    ; Verilog_2001   ;
; VHDL Version                                                 ; VHDL93          ; VHDL93         ;
; State Machine Processing                                     ; Auto            ; Auto           ;
; Safe State Machine                                           ; Off             ; Off            ;
; Extract Verilog State Machines                               ; On              ; On             ;
; Extract VHDL State Machines                                  ; On              ; On             ;
; Ignore Verilog initial constructs                            ; Off             ; Off            ;
; Iteration limit for constant Verilog loops                   ; 5000            ; 5000           ;
; Iteration limit for non-constant Verilog loops               ; 250             ; 250            ;
; Add Pass-Through Logic to Inferred RAMs                      ; On              ; On             ;
; Parallel Synthesis                                           ; Off             ; Off            ;
; NOT Gate Push-Back                                           ; On              ; On             ;
; Power-Up Don't Care                                          ; On              ; On             ;
; Remove Redundant Logic Cells                                 ; Off             ; Off            ;
; Remove Duplicate Registers                                   ; On              ; On             ;
; Ignore CARRY Buffers                                         ; Off             ; Off            ;
; Ignore CASCADE Buffers                                       ; Off             ; Off            ;
; Ignore GLOBAL Buffers                                        ; Off             ; Off            ;
; Ignore ROW GLOBAL Buffers                                    ; Off             ; Off            ;
; Ignore LCELL Buffers                                         ; Off             ; Off            ;
; Ignore SOFT Buffers                                          ; On              ; On             ;
; Limit AHDL Integers to 32 Bits                               ; Off             ; Off            ;
; Auto Implement in ROM                                        ; Off             ; Off            ;
; Optimization Technique                                       ; Area            ; Area           ;
; Carry Chain Length                                           ; 32              ; 32             ;
; Cascade Chain Length                                         ; 2               ; 2              ;
; Auto Carry Chains                                            ; On              ; On             ;
; Auto Open-Drain Pins                                         ; On              ; On             ;
; Auto ROM Replacement                                         ; On              ; On             ;
; Auto RAM Replacement                                         ; On              ; On             ;
; Auto Clock Enable Replacement                                ; On              ; On             ;
; Strict RAM Replacement                                       ; Off             ; Off            ;
; Auto Resource Sharing                                        ; Off             ; Off            ;
; Allow Any RAM Size For Recognition                           ; Off             ; Off            ;
; Allow Any ROM Size For Recognition                           ; Off             ; Off            ;
; Use LogicLock Constraints during Resource Balancing          ; On              ; On             ;
; Ignore translate_off and synthesis_off directives            ; Off             ; Off            ;
; Show Parameter Settings Tables in Synthesis Report           ; On              ; On             ;
; HDL message level                                            ; Level2          ; Level2         ;
; Suppress Register Optimization Related Messages              ; Off             ; Off            ;
; Number of Removed Registers Reported in Synthesis Report     ; 100             ; 100            ;
; Number of Inverted Registers Reported in Synthesis Report    ; 100             ; 100            ;
; Block Design Naming                                          ; Auto            ; Auto           ;
; Synthesis Effort                                             ; Auto            ; Auto           ;
; Shift Register Replacement - Allow Asynchronous Clear Signal ; On              ; On             ;
; Analysis & Synthesis Message Level                           ; Medium          ; Medium         ;
+--------------------------------------------------------------+-----------------+----------------+


+-----------------------------------------------------------------------------------------------------------------------------------------------------------------------------------+
; Analysis & Synthesis Source Files Read                                                                                                                                            ;
+----------------------------------+-----------------+------------------------------+-----------------------------------------------------------------------------------------------+
; File Name with User-Entered Path ; Used in Netlist ; File Type                    ; File Name with Absolute Path                                                                  ;
+----------------------------------+-----------------+------------------------------+-----------------------------------------------------------------------------------------------+
; Frecuencimetro.vhd               ; yes             ; User VHDL File               ; C:/Documents and Settings/laraits/Escritorio/Sesión/Frecuencímetro/Frecuencimetro.vhd         ;
; codificador7Segmentos.vhd        ; yes             ; User VHDL File               ; C:/Documents and Settings/laraits/Escritorio/Sesión/Frecuencímetro/codificador7Segmentos.vhd  ;
; lpm_counter.tdf                  ; yes             ; Megafunction                 ; c:/fpga/altera/quartus/libraries/megafunctions/lpm_counter.tdf                                ;
; lpm_constant.inc                 ; yes             ; Megafunction                 ; c:/fpga/altera/quartus/libraries/megafunctions/lpm_constant.inc                               ;
; lpm_decode.inc                   ; yes             ; Megafunction                 ; c:/fpga/altera/quartus/libraries/megafunctions/lpm_decode.inc                                 ;
; lpm_add_sub.inc                  ; yes             ; Megafunction                 ; c:/fpga/altera/quartus/libraries/megafunctions/lpm_add_sub.inc                                ;
; cmpconst.inc                     ; yes             ; Megafunction                 ; c:/fpga/altera/quartus/libraries/megafunctions/cmpconst.inc                                   ;
; lpm_compare.inc                  ; yes             ; Megafunction                 ; c:/fpga/altera/quartus/libraries/megafunctions/lpm_compare.inc                                ;
; lpm_counter.inc                  ; yes             ; Megafunction                 ; c:/fpga/altera/quartus/libraries/megafunctions/lpm_counter.inc                                ;
; dffeea.inc                       ; yes             ; Megafunction                 ; c:/fpga/altera/quartus/libraries/megafunctions/dffeea.inc                                     ;
; alt_synch_counter.inc            ; yes             ; Megafunction                 ; c:/fpga/altera/quartus/libraries/megafunctions/alt_synch_counter.inc                          ;
; alt_synch_counter_f.inc          ; yes             ; Megafunction                 ; c:/fpga/altera/quartus/libraries/megafunctions/alt_synch_counter_f.inc                        ;
; alt_counter_f10ke.inc            ; yes             ; Megafunction                 ; c:/fpga/altera/quartus/libraries/megafunctions/alt_counter_f10ke.inc                          ;
; alt_counter_stratix.inc          ; yes             ; Megafunction                 ; c:/fpga/altera/quartus/libraries/megafunctions/alt_counter_stratix.inc                        ;
; aglobal90.inc                    ; yes             ; Megafunction                 ; c:/fpga/altera/quartus/libraries/megafunctions/aglobal90.inc                                  ;
; alt_counter_f10ke.tdf            ; yes             ; Megafunction                 ; c:/fpga/altera/quartus/libraries/megafunctions/alt_counter_f10ke.tdf                          ;
; flex10ke_lcell.inc               ; yes             ; Megafunction                 ; c:/fpga/altera/quartus/libraries/megafunctions/flex10ke_lcell.inc                             ;
; lpm_divide.tdf                   ; yes             ; Megafunction                 ; c:/fpga/altera/quartus/libraries/megafunctions/lpm_divide.tdf                                 ;
; abs_divider.inc                  ; yes             ; Megafunction                 ; c:/fpga/altera/quartus/libraries/megafunctions/abs_divider.inc                                ;
; sign_div_unsign.inc              ; yes             ; Megafunction                 ; c:/fpga/altera/quartus/libraries/megafunctions/sign_div_unsign.inc                            ;
; db/lpm_divide_h1m.tdf            ; yes             ; Auto-Generated Megafunction  ; C:/Documents and Settings/laraits/Escritorio/Sesión/Frecuencímetro/db/lpm_divide_h1m.tdf      ;
; db/sign_div_unsign_6kh.tdf       ; yes             ; Auto-Generated Megafunction  ; C:/Documents and Settings/laraits/Escritorio/Sesión/Frecuencímetro/db/sign_div_unsign_6kh.tdf ;
; db/alt_u_div_eke.tdf             ; yes             ; Auto-Generated Megafunction  ; C:/Documents and Settings/laraits/Escritorio/Sesión/Frecuencímetro/db/alt_u_div_eke.tdf       ;
; db/add_sub_a9c.tdf               ; yes             ; Auto-Generated Megafunction  ; C:/Documents and Settings/laraits/Escritorio/Sesión/Frecuencímetro/db/add_sub_a9c.tdf         ;
; db/add_sub_b9c.tdf               ; yes             ; Auto-Generated Megafunction  ; C:/Documents and Settings/laraits/Escritorio/Sesión/Frecuencímetro/db/add_sub_b9c.tdf         ;
; db/add_sub_c9c.tdf               ; yes             ; Auto-Generated Megafunction  ; C:/Documents and Settings/laraits/Escritorio/Sesión/Frecuencímetro/db/add_sub_c9c.tdf         ;
; db/add_sub_d9c.tdf               ; yes             ; Auto-Generated Megafunction  ; C:/Documents and Settings/laraits/Escritorio/Sesión/Frecuencímetro/db/add_sub_d9c.tdf         ;
; db/add_sub_e9c.tdf               ; yes             ; Auto-Generated Megafunction  ; C:/Documents and Settings/laraits/Escritorio/Sesión/Frecuencímetro/db/add_sub_e9c.tdf         ;
+----------------------------------+-----------------+------------------------------+-----------------------------------------------------------------------------------------------+


+---------------------------------------------+
; Analysis & Synthesis Resource Usage Summary ;
+-----------------------------------+---------+
; Resource                          ; Usage   ;
+-----------------------------------+---------+
; Total logic elements              ; 95      ;
; Total combinational functions     ; 91      ;
;     -- Total 4-input functions    ; 20      ;
;     -- Total 3-input functions    ; 11      ;
;     -- Total 2-input functions    ; 25      ;
;     -- Total 1-input functions    ; 21      ;
;     -- Total 0-input functions    ; 14      ;
; Total registers                   ; 30      ;
; Total logic cells in carry chains ; 32      ;
; I/O pins                          ; 16      ;
; Maximum fan-out node              ; reloj   ;
; Maximum fan-out                   ; 23      ;
; Total fan-out                     ; 281     ;
; Average fan-out                   ; 2.53    ;
+-----------------------------------+---------+


+-------------------------------------------------------------------------------------------------------------------------------------------------------------------------------------------------------------------------------------------------------------------------------------------------------------------------------------------------+
; Analysis & Synthesis Resource Utilization by Entity                                                                                                                                                                                                                                                                                             ;
+---------------------------------------------------+-------------+--------------+-------------+------+--------------+-------------------+------------------+-----------------+------------+---------------------------------------------------------------------------------------------------------------------------------------+--------------+
; Compilation Hierarchy Node                        ; Logic Cells ; LC Registers ; Memory Bits ; Pins ; LUT-Only LCs ; Register-Only LCs ; LUT/Register LCs ; Carry Chain LCs ; Packed LCs ; Full Hierarchy Name                                                                                                                   ; Library Name ;
+---------------------------------------------------+-------------+--------------+-------------+------+--------------+-------------------+------------------+-----------------+------------+---------------------------------------------------------------------------------------------------------------------------------------+--------------+
; |Frecuencimetro                                   ; 95 (21)     ; 30           ; 0           ; 16   ; 65 (13)      ; 4 (4)             ; 26 (4)           ; 32 (0)          ; 0 (0)      ; |Frecuencimetro                                                                                                                       ; work         ;
;    |codificador7Segmentos:mostrarDecenasDisplay|  ; 7 (7)       ; 0            ; 0           ; 0    ; 7 (7)        ; 0 (0)             ; 0 (0)            ; 0 (0)           ; 0 (0)      ; |Frecuencimetro|codificador7Segmentos:mostrarDecenasDisplay                                                                           ; work         ;
;    |codificador7Segmentos:mostrarUnidadesDisplay| ; 7 (7)       ; 0            ; 0           ; 0    ; 7 (7)        ; 0 (0)             ; 0 (0)            ; 0 (0)           ; 0 (0)      ; |Frecuencimetro|codificador7Segmentos:mostrarUnidadesDisplay                                                                          ; work         ;
;    |lpm_counter:pulsosReloj_rtl_1|                ; 15 (0)      ; 15           ; 0           ; 0    ; 0 (0)        ; 0 (0)             ; 15 (0)           ; 15 (0)          ; 0 (0)      ; |Frecuencimetro|lpm_counter:pulsosReloj_rtl_1                                                                                         ; work         ;
;       |alt_counter_f10ke:wysi_counter|            ; 15 (15)     ; 15           ; 0           ; 0    ; 0 (0)        ; 0 (0)             ; 15 (15)          ; 15 (15)         ; 0 (0)      ; |Frecuencimetro|lpm_counter:pulsosReloj_rtl_1|alt_counter_f10ke:wysi_counter                                                          ; work         ;
;    |lpm_counter:pulsosSenial_rtl_0|               ; 7 (0)       ; 7            ; 0           ; 0    ; 0 (0)        ; 0 (0)             ; 7 (0)            ; 7 (0)           ; 0 (0)      ; |Frecuencimetro|lpm_counter:pulsosSenial_rtl_0                                                                                        ; work         ;
;       |alt_counter_f10ke:wysi_counter|            ; 7 (7)       ; 7            ; 0           ; 0    ; 0 (0)        ; 0 (0)             ; 7 (7)            ; 7 (7)           ; 0 (0)      ; |Frecuencimetro|lpm_counter:pulsosSenial_rtl_0|alt_counter_f10ke:wysi_counter                                                         ; work         ;
;    |lpm_divide:Div0|                              ; 38 (0)      ; 0            ; 0           ; 0    ; 38 (0)       ; 0 (0)             ; 0 (0)            ; 10 (0)          ; 0 (0)      ; |Frecuencimetro|lpm_divide:Div0                                                                                                       ; work         ;
;       |lpm_divide_h1m:auto_generated|             ; 38 (0)      ; 0            ; 0           ; 0    ; 38 (0)       ; 0 (0)             ; 0 (0)            ; 10 (0)          ; 0 (0)      ; |Frecuencimetro|lpm_divide:Div0|lpm_divide_h1m:auto_generated                                                                         ; work         ;
;          |sign_div_unsign_6kh:divider|            ; 38 (0)      ; 0            ; 0           ; 0    ; 38 (0)       ; 0 (0)             ; 0 (0)            ; 10 (0)          ; 0 (0)      ; |Frecuencimetro|lpm_divide:Div0|lpm_divide_h1m:auto_generated|sign_div_unsign_6kh:divider                                             ; work         ;
;             |alt_u_div_eke:divider|               ; 38 (16)     ; 0            ; 0           ; 0    ; 38 (16)      ; 0 (0)             ; 0 (0)            ; 10 (0)          ; 0 (0)      ; |Frecuencimetro|lpm_divide:Div0|lpm_divide_h1m:auto_generated|sign_div_unsign_6kh:divider|alt_u_div_eke:divider                       ; work         ;
;                |add_sub_d9c:add_sub_3|            ; 5 (5)       ; 0            ; 0           ; 0    ; 5 (5)        ; 0 (0)             ; 0 (0)            ; 0 (0)           ; 0 (0)      ; |Frecuencimetro|lpm_divide:Div0|lpm_divide_h1m:auto_generated|sign_div_unsign_6kh:divider|alt_u_div_eke:divider|add_sub_d9c:add_sub_3 ; work         ;
;                |add_sub_e9c:add_sub_4|            ; 7 (7)       ; 0            ; 0           ; 0    ; 7 (7)        ; 0 (0)             ; 0 (0)            ; 0 (0)           ; 0 (0)      ; |Frecuencimetro|lpm_divide:Div0|lpm_divide_h1m:auto_generated|sign_div_unsign_6kh:divider|alt_u_div_eke:divider|add_sub_e9c:add_sub_4 ; work         ;
;                |add_sub_e9c:add_sub_5|            ; 5 (5)       ; 0            ; 0           ; 0    ; 5 (5)        ; 0 (0)             ; 0 (0)            ; 5 (5)           ; 0 (0)      ; |Frecuencimetro|lpm_divide:Div0|lpm_divide_h1m:auto_generated|sign_div_unsign_6kh:divider|alt_u_div_eke:divider|add_sub_e9c:add_sub_5 ; work         ;
;                |add_sub_e9c:add_sub_6|            ; 5 (5)       ; 0            ; 0           ; 0    ; 5 (5)        ; 0 (0)             ; 0 (0)            ; 5 (5)           ; 0 (0)      ; |Frecuencimetro|lpm_divide:Div0|lpm_divide_h1m:auto_generated|sign_div_unsign_6kh:divider|alt_u_div_eke:divider|add_sub_e9c:add_sub_6 ; work         ;
+---------------------------------------------------+-------------+--------------+-------------+------+--------------+-------------------+------------------+-----------------+------------+---------------------------------------------------------------------------------------------------------------------------------------+--------------+
Note: For table entries with two numbers listed, the numbers in parentheses indicate the number of resources of the given type used by the specific entity alone. The numbers listed outside of parentheses indicate the total resources of the given type used by the specific entity and all of its sub-entities in the hierarchy.


+------------------------------------------------------+
; General Register Statistics                          ;
+----------------------------------------------+-------+
; Statistic                                    ; Value ;
+----------------------------------------------+-------+
; Total registers                              ; 30    ;
; Number of registers using Synchronous Clear  ; 15    ;
; Number of registers using Synchronous Load   ; 3     ;
; Number of registers using Asynchronous Clear ; 7     ;
; Number of registers using Asynchronous Load  ; 0     ;
; Number of registers using Clock Enable       ; 7     ;
; Number of registers using Preset             ; 0     ;
+----------------------------------------------+-------+


+-------------------------------------------------------+
; Source assignments for lpm_counter:pulsosSenial_rtl_0 ;
+---------------------------+-------+------+------------+
; Assignment                ; Value ; From ; To         ;
+---------------------------+-------+------+------------+
; SUPPRESS_DA_RULE_INTERNAL ; a101  ; -    ; -          ;
; SUPPRESS_DA_RULE_INTERNAL ; s102  ; -    ; -          ;
; SUPPRESS_DA_RULE_INTERNAL ; s103  ; -    ; -          ;
+---------------------------+-------+------+------------+


+------------------------------------------------------+
; Source assignments for lpm_counter:pulsosReloj_rtl_1 ;
+---------------------------+-------+------+-----------+
; Assignment                ; Value ; From ; To        ;
+---------------------------+-------+------+-----------+
; SUPPRESS_DA_RULE_INTERNAL ; a101  ; -    ; -         ;
; SUPPRESS_DA_RULE_INTERNAL ; s102  ; -    ; -         ;
; SUPPRESS_DA_RULE_INTERNAL ; s103  ; -    ; -         ;
+---------------------------+-------+------+-----------+


+---------------------------------------------------------------------------------+
; Parameter Settings for Inferred Entity Instance: lpm_counter:pulsosSenial_rtl_0 ;
+------------------------+-------------------+------------------------------------+
; Parameter Name         ; Value             ; Type                               ;
+------------------------+-------------------+------------------------------------+
; AUTO_CARRY_CHAINS      ; ON                ; AUTO_CARRY                         ;
; IGNORE_CARRY_BUFFERS   ; OFF               ; IGNORE_CARRY                       ;
; AUTO_CASCADE_CHAINS    ; ON                ; AUTO_CASCADE                       ;
; IGNORE_CASCADE_BUFFERS ; OFF               ; IGNORE_CASCADE                     ;
; LPM_WIDTH              ; 7                 ; Untyped                            ;
; LPM_DIRECTION          ; UP                ; Untyped                            ;
; LPM_MODULUS            ; 0                 ; Untyped                            ;
; LPM_AVALUE             ; UNUSED            ; Untyped                            ;
; LPM_SVALUE             ; UNUSED            ; Untyped                            ;
; LPM_PORT_UPDOWN        ; PORT_CONNECTIVITY ; Untyped                            ;
; DEVICE_FAMILY          ; FLEX10K           ; Untyped                            ;
; CARRY_CHAIN            ; MANUAL            ; Untyped                            ;
; CARRY_CHAIN_LENGTH     ; 48                ; CARRY_CHAIN_LENGTH                 ;
; NOT_GATE_PUSH_BACK     ; ON                ; NOT_GATE_PUSH_BACK                 ;
; CARRY_CNT_EN           ; SMART             ; Untyped                            ;
; LABWIDE_SCLR           ; ON                ; Untyped                            ;
; USE_NEW_VERSION        ; TRUE              ; Untyped                            ;
; CBXI_PARAMETER         ; NOTHING           ; Untyped                            ;
+------------------------+-------------------+------------------------------------+
Note: In order to hide this table in the UI and the text report file, please set the "Show Parameter Settings Tables in Synthesis Report" option in "Analysis and Synthesis Settings -> More Settings" to "Off".


+--------------------------------------------------------------------------------+
; Parameter Settings for Inferred Entity Instance: lpm_counter:pulsosReloj_rtl_1 ;
+------------------------+-------------------+-----------------------------------+
; Parameter Name         ; Value             ; Type                              ;
+------------------------+-------------------+-----------------------------------+
; AUTO_CARRY_CHAINS      ; ON                ; AUTO_CARRY                        ;
; IGNORE_CARRY_BUFFERS   ; OFF               ; IGNORE_CARRY                      ;
; AUTO_CASCADE_CHAINS    ; ON                ; AUTO_CASCADE                      ;
; IGNORE_CASCADE_BUFFERS ; OFF               ; IGNORE_CASCADE                    ;
; LPM_WIDTH              ; 15                ; Untyped                           ;
; LPM_DIRECTION          ; UP                ; Untyped                           ;
; LPM_MODULUS            ; 0                 ; Untyped                           ;
; LPM_AVALUE             ; UNUSED            ; Untyped                           ;
; LPM_SVALUE             ; UNUSED            ; Untyped                           ;
; LPM_PORT_UPDOWN        ; PORT_CONNECTIVITY ; Untyped                           ;
; DEVICE_FAMILY          ; FLEX10K           ; Untyped                           ;
; CARRY_CHAIN            ; MANUAL            ; Untyped                           ;
; CARRY_CHAIN_LENGTH     ; 48                ; CARRY_CHAIN_LENGTH                ;
; NOT_GATE_PUSH_BACK     ; ON                ; NOT_GATE_PUSH_BACK                ;
; CARRY_CNT_EN           ; SMART             ; Untyped                           ;
; LABWIDE_SCLR           ; ON                ; Untyped                           ;
; USE_NEW_VERSION        ; TRUE              ; Untyped                           ;
; CBXI_PARAMETER         ; NOTHING           ; Untyped                           ;
+------------------------+-------------------+-----------------------------------+
Note: In order to hide this table in the UI and the text report file, please set the "Show Parameter Settings Tables in Synthesis Report" option in "Analysis and Synthesis Settings -> More Settings" to "Off".


+------------------------------------------------------------------+
; Parameter Settings for Inferred Entity Instance: lpm_divide:Div0 ;
+------------------------+----------------+------------------------+
; Parameter Name         ; Value          ; Type                   ;
+------------------------+----------------+------------------------+
; LPM_WIDTHN             ; 7              ; Untyped                ;
; LPM_WIDTHD             ; 4              ; Untyped                ;
; LPM_NREPRESENTATION    ; UNSIGNED       ; Untyped                ;
; LPM_DREPRESENTATION    ; UNSIGNED       ; Untyped                ;
; LPM_PIPELINE           ; 0              ; Untyped                ;
; LPM_REMAINDERPOSITIVE  ; TRUE           ; Untyped                ;
; MAXIMIZE_SPEED         ; 5              ; Untyped                ;
; CBXI_PARAMETER         ; lpm_divide_h1m ; Untyped                ;
; CARRY_CHAIN            ; MANUAL         ; Untyped                ;
; OPTIMIZE_FOR_SPEED     ; 1              ; Untyped                ;
; AUTO_CARRY_CHAINS      ; ON             ; AUTO_CARRY             ;
; IGNORE_CARRY_BUFFERS   ; OFF            ; IGNORE_CARRY           ;
; AUTO_CASCADE_CHAINS    ; ON             ; AUTO_CASCADE           ;
; IGNORE_CASCADE_BUFFERS ; OFF            ; IGNORE_CASCADE         ;
+------------------------+----------------+------------------------+
Note: In order to hide this table in the UI and the text report file, please set the "Show Parameter Settings Tables in Synthesis Report" option in "Analysis and Synthesis Settings -> More Settings" to "Off".


+-------------------------------+
; Analysis & Synthesis Messages ;
+-------------------------------+
Info: *******************************************************************
Info: Running Quartus II Analysis & Synthesis
    Info: Version 9.0 Build 235 06/17/2009 Service Pack 2 SJ Web Edition
    Info: Processing started: Tue Apr 30 19:25:51 2013
Info: Command: quartus_map --read_settings_files=on --write_settings_files=off Frecuencimetro -c Frecuencimetro
Info: Found 2 design units, including 1 entities, in source file Frecuencimetro.vhd
    Info: Found design unit 1: Frecuencimetro-arquitecturaFrecuencimetro
    Info: Found entity 1: Frecuencimetro
Info: Found 2 design units, including 1 entities, in source file codificador7Segmentos.vhd
    Info: Found design unit 1: codificador7Segmentos-arquitecturaCodificador7Segmentos
    Info: Found entity 1: codificador7Segmentos
Info: Elaborating entity "Frecuencimetro" for the top level hierarchy
Warning (10492): VHDL Process Statement warning at Frecuencimetro.vhd(99): signal "decenas" is read inside the Process Statement but isn't in the Process Statement's sensitivity list
Info: Elaborating entity "codificador7Segmentos" for hierarchy "codificador7Segmentos:mostrarUnidadesDisplay"
Info: Inferred 2 megafunctions from design logic
    Info: Inferred lpm_counter megafunction (LPM_WIDTH=7) from the following logic: "pulsosSenial[0]~0"
    Info: Inferred lpm_counter megafunction (LPM_WIDTH=15) from the following logic: "pulsosReloj[0]~15"
Info: Inferred 1 megafunctions from design logic
    Info: Inferred divider/modulo megafunction ("lpm_divide") from the following logic: "Div0"
Info: Elaborated megafunction instantiation "lpm_counter:pulsosSenial_rtl_0"
Info: Instantiated megafunction "lpm_counter:pulsosSenial_rtl_0" with the following parameter:
    Info: Parameter "LPM_WIDTH" = "7"
    Info: Parameter "LPM_DIRECTION" = "UP"
    Info: Parameter "LPM_TYPE" = "LPM_COUNTER"
Info: Elaborated megafunction instantiation "lpm_counter:pulsosSenial_rtl_0|alt_counter_f10ke:wysi_counter", which is child of megafunction instantiation "lpm_counter:pulsosSenial_rtl_0"
Info: Elaborated megafunction instantiation "lpm_counter:pulsosReloj_rtl_1"
Info: Instantiated megafunction "lpm_counter:pulsosReloj_rtl_1" with the following parameter:
    Info: Parameter "LPM_WIDTH" = "15"
    Info: Parameter "LPM_DIRECTION" = "UP"
    Info: Parameter "LPM_TYPE" = "LPM_COUNTER"
Info: Elaborated megafunction instantiation "lpm_counter:pulsosReloj_rtl_1|alt_counter_f10ke:wysi_counter", which is child of megafunction instantiation "lpm_counter:pulsosReloj_rtl_1"
Info: Elaborated megafunction instantiation "lpm_divide:Div0"
Info: Instantiated megafunction "lpm_divide:Div0" with the following parameter:
    Info: Parameter "LPM_WIDTHN" = "7"
    Info: Parameter "LPM_WIDTHD" = "4"
    Info: Parameter "LPM_NREPRESENTATION" = "UNSIGNED"
    Info: Parameter "LPM_DREPRESENTATION" = "UNSIGNED"
Info: Found 1 design units, including 1 entities, in source file db/lpm_divide_h1m.tdf
    Info: Found entity 1: lpm_divide_h1m
Info: Found 1 design units, including 1 entities, in source file db/sign_div_unsign_6kh.tdf
    Info: Found entity 1: sign_div_unsign_6kh
Info: Found 1 design units, including 1 entities, in source file db/alt_u_div_eke.tdf
    Info: Found entity 1: alt_u_div_eke
Info: Found 1 design units, including 1 entities, in source file db/add_sub_a9c.tdf
    Info: Found entity 1: add_sub_a9c
Info: Found 1 design units, including 1 entities, in source file db/add_sub_b9c.tdf
    Info: Found entity 1: add_sub_b9c
Info: Found 1 design units, including 1 entities, in source file db/add_sub_c9c.tdf
    Info: Found entity 1: add_sub_c9c
Info: Found 1 design units, including 1 entities, in source file db/add_sub_d9c.tdf
    Info: Found entity 1: add_sub_d9c
Info: Found 1 design units, including 1 entities, in source file db/add_sub_e9c.tdf
    Info: Found entity 1: add_sub_e9c
Warning: Ignored 6 CARRY_SUM primitives
    Warning: Ignored 1 CARRY_SUM primitives -- cannot place fan-in logic in single logic cell
        Warning: Can't place logic feeding CARRY_SUM primitive "lpm_divide:Div0|lpm_divide_h1m:auto_generated|sign_div_unsign_6kh:divider|alt_u_div_eke:divider|add_sub_e9c:add_sub_4|add_sub_cella[2]" in single logic cell
            Warning: Node "lpm_divide:Div0|lpm_divide_h1m:auto_generated|sign_div_unsign_6kh:divider|alt_u_div_eke:divider|add_sub_d9c:add_sub_3|add_sub_cella[3]~24" of type CARRY_SUM
            Warning: Node "lpm_divide:Div0|lpm_divide_h1m:auto_generated|sign_div_unsign_6kh:divider|alt_u_div_eke:divider|add_sub_e9c:add_sub_4|add_sub_cella[1]" of type CARRY_SUM
    Warning: Ignored 5 CARRY_SUM primitive(s) -- cannot place fan-out logic in single logic cell
        Warning: Can't place logic fed by CARRY_SUM primitive "lpm_divide:Div0|lpm_divide_h1m:auto_generated|sign_div_unsign_6kh:divider|alt_u_div_eke:divider|add_sub_e9c:add_sub_4|add_sub_cella[1]" into a single logic cell
            Warning: Node "lpm_divide:Div0|lpm_divide_h1m:auto_generated|sign_div_unsign_6kh:divider|alt_u_div_eke:divider|add_sub_e9c:add_sub_4|add_sub_cella[2]~22" of type LUT
            Warning: Node "lpm_divide:Div0|lpm_divide_h1m:auto_generated|sign_div_unsign_6kh:divider|alt_u_div_eke:divider|add_sub_e9c:add_sub_4|add_sub_cella[2]~26" of type LUT
        Warning: Can't place logic fed by CARRY_SUM primitive "lpm_divide:Div0|lpm_divide_h1m:auto_generated|sign_div_unsign_6kh:divider|alt_u_div_eke:divider|add_sub_d9c:add_sub_3|add_sub_cella[3]~24" into a single logic cell
            Warning: Node "lpm_divide:Div0|lpm_divide_h1m:auto_generated|sign_div_unsign_6kh:divider|alt_u_div_eke:divider|add_sub_e9c:add_sub_4|add_sub_cella[2]~26" of type LUT
            Warning: Node "lpm_divide:Div0|lpm_divide_h1m:auto_generated|sign_div_unsign_6kh:divider|alt_u_div_eke:divider|add_sub_e9c:add_sub_4|add_sub_cella[2]~22" of type LUT
        Warning: Can't place logic fed by CARRY_SUM primitive "lpm_divide:Div0|lpm_divide_h1m:auto_generated|sign_div_unsign_6kh:divider|alt_u_div_eke:divider|add_sub_d9c:add_sub_3|add_sub_cella[3]" into a single logic cell
            Warning: Node "lpm_divide:Div0|lpm_divide_h1m:auto_generated|sign_div_unsign_6kh:divider|alt_u_div_eke:divider|add_sub_d9c:add_sub_3|add_sub_cella[3]~25" of type LUT
            Warning: Node "lpm_divide:Div0|lpm_divide_h1m:auto_generated|sign_div_unsign_6kh:divider|alt_u_div_eke:divider|add_sub_d9c:add_sub_3|add_sub_cella[3]~26" of type LUT
        Warning: Can't place logic fed by CARRY_SUM primitive "lpm_divide:Div0|lpm_divide_h1m:auto_generated|sign_div_unsign_6kh:divider|alt_u_div_eke:divider|add_sub_d9c:add_sub_3|add_sub_cella[2]" into a single logic cell
            Warning: Node "lpm_divide:Div0|lpm_divide_h1m:auto_generated|sign_div_unsign_6kh:divider|alt_u_div_eke:divider|add_sub_d9c:add_sub_3|add_sub_cella[3]~10" of type LUT
            Warning: Node "lpm_divide:Div0|lpm_divide_h1m:auto_generated|sign_div_unsign_6kh:divider|alt_u_div_eke:divider|add_sub_d9c:add_sub_3|add_sub_cella[3]~13" of type LUT
        Warning: Can't place logic fed by CARRY_SUM primitive "lpm_divide:Div0|lpm_divide_h1m:auto_generated|sign_div_unsign_6kh:divider|alt_u_div_eke:divider|add_sub_d9c:add_sub_3|add_sub_cella[1]" into a single logic cell
            Warning: Node "lpm_divide:Div0|lpm_divide_h1m:auto_generated|sign_div_unsign_6kh:divider|alt_u_div_eke:divider|add_sub_d9c:add_sub_3|add_sub_cella[2]~19" of type LUT
            Warning: Node "lpm_divide:Div0|lpm_divide_h1m:auto_generated|sign_div_unsign_6kh:divider|alt_u_div_eke:divider|add_sub_d9c:add_sub_3|add_sub_cella[2]~22" of type LUT
Info: Found the following redundant logic cells in design
    Info (17048): Logic cell "lpm_divide:Div0|lpm_divide_h1m:auto_generated|sign_div_unsign_6kh:divider|alt_u_div_eke:divider|add_sub_d9c:add_sub_3|add_sub_cella[1]~16"
    Info (17048): Logic cell "salida[4]~6"
    Info (17048): Logic cell "lpm_divide:Div0|lpm_divide_h1m:auto_generated|sign_div_unsign_6kh:divider|alt_u_div_eke:divider|add_sub_e9c:add_sub_4|add_sub_cella[1]~36"
    Info (17048): Logic cell "lpm_divide:Div0|lpm_divide_h1m:auto_generated|sign_div_unsign_6kh:divider|alt_u_div_eke:divider|add_sub_e9c:add_sub_4|add_sub_cella[1]~38"
Info: Implemented 111 device resources after synthesis - the final resource count might be different
    Info: Implemented 2 input pins
    Info: Implemented 14 output pins
    Info: Implemented 95 logic cells
Info: Quartus II Analysis & Synthesis was successful. 0 errors, 22 warnings
    Info: Peak virtual memory: 192 megabytes
    Info: Processing ended: Tue Apr 30 19:25:54 2013
    Info: Elapsed time: 00:00:03
    Info: Total CPU time (on all processors): 00:00:03


