Flow report for Frecuencimetro
Tue Apr 30 19:26:04 2013
Quartus II Version 9.0 Build 235 06/17/2009 Service Pack 2 SJ Web Edition


---------------------
; Table of Contents ;
---------------------
  1. Legal Notice
  2. Flow Summary
  3. Flow Settings
  4. Flow Non-Default Global Settings
  5. Flow Elapsed Time
  6. Flow OS Summary
  7. Flow Log



----------------
; Legal Notice ;
----------------
Copyright (C) 1991-2009 Altera Corporation
Your use of Altera Corporation's design tools, logic functions 
and other software and tools, and its AMPP partner logic 
functions, and any output files from any of the foregoing 
(including device programming or simulation files), and any 
associated documentation or information are expressly subject 
to the terms and conditions of the Altera Program License 
Subscription Agreement, Altera MegaCore Function License 
Agreement, or other applicable license agreement, including, 
without limitation, that your use is for the sole purpose of 
programming logic devices manufactured by Altera and sold by 
Altera or its authorized distributors.  Please refer to the 
applicable agreement for further details.



+------------------------------------------------------------------------+
; Flow Summary                                                           ;
+-------------------------+----------------------------------------------+
; Flow Status             ; Successful - Tue Apr 30 19:26:04 2013        ;
; Quartus II Version      ; 9.0 Build 235 06/17/2009 SP 2 SJ Web Edition ;
; Revision Name           ; Frecuencimetro                               ;
; Top-level Entity Name   ; Frecuencimetro                               ;
; Family                  ; FLEX10K                                      ;
; Device                  ; EPF10K70RC240-4                              ;
; Timing Models           ; Final                                        ;
; Met timing requirements ; Yes                                          ;
; Total logic elements    ; 95 / 3,744 ( 3 % )                           ;
; Total pins              ; 16 / 189 ( 8 % )                             ;
; Total memory bits       ; 0 / 18,432 ( 0 % )                           ;
+-------------------------+----------------------------------------------+


+-----------------------------------------+
; Flow Settings                           ;
+-------------------+---------------------+
; Option            ; Setting             ;
+-------------------+---------------------+
; Start date & time ; 04/30/2013 19:25:51 ;
; Main task         ; Compilation         ;
; Revision Name     ; Frecuencimetro      ;
+-------------------+---------------------+


+---------------------------------------------------------------------------------------------------------------------------------------------------------------------------+
; Flow Non-Default Global Settings                                                                                                                                          ;
+------------------------------------+---------------------------------------------------------------------------------------+---------------+-------------+----------------+
; Assignment Name                    ; Value                                                                                 ; Default Value ; Entity Name ; Section Id     ;
+------------------------------------+---------------------------------------------------------------------------------------+---------------+-------------+----------------+
; COMPILER_SIGNATURE_ID              ; 116517802484.136734635100388                                                          ; --            ; --          ; --             ;
; MAX_CORE_JUNCTION_TEMP             ; 85                                                                                    ; --            ; --          ; --             ;
; MIN_CORE_JUNCTION_TEMP             ; 0                                                                                     ; --            ; --          ; --             ;
; MISC_FILE                          ; C:/Documents and Settings/laraits/Escritorio/Frecuencímetro_2/Frecuencimetro.dpf      ; --            ; --          ; --             ;
; MISC_FILE                          ; C:/Users/Griffith/Desktop/Frecuencímetro/Frecuencimetro.dpf                           ; --            ; --          ; --             ;
; MISC_FILE                          ; C:/Documents and Settings/laraits/Escritorio/Sesión/Frecuencímetro/Frecuencimetro.dpf ; --            ; --          ; --             ;
; USE_GENERATED_PHYSICAL_CONSTRAINTS ; Off                                                                                   ; --            ; --          ; eda_blast_fpga ;
+------------------------------------+---------------------------------------------------------------------------------------+---------------+-------------+----------------+


+-----------------------------------------------------------------------------------------------------------------------------+
; Flow Elapsed Time                                                                                                           ;
+-------------------------+--------------+-------------------------+---------------------+------------------------------------+
; Module Name             ; Elapsed Time ; Average Processors Used ; Peak Virtual Memory ; Total CPU Time (on all processors) ;
+-------------------------+--------------+-------------------------+---------------------+------------------------------------+
; Analysis & Synthesis    ; 00:00:03     ; 1.0                     ; 192 MB              ; 00:00:03                           ;
; Fitter                  ; 00:00:06     ; 1.0                     ; 168 MB              ; 00:00:05                           ;
; Assembler               ; 00:00:01     ; 1.0                     ; 159 MB              ; 00:00:01                           ;
; Classic Timing Analyzer ; 00:00:00     ; 1.0                     ; 127 MB              ; 00:00:00                           ;
; Total                   ; 00:00:10     ; --                      ; --                  ; 00:00:09                           ;
+-------------------------+--------------+-------------------------+---------------------+------------------------------------+


+---------------------------------------------------------------------------------------+
; Flow OS Summary                                                                       ;
+-------------------------+------------------+------------+------------+----------------+
; Module Name             ; Machine Hostname ; OS Name    ; OS Version ; Processor type ;
+-------------------------+------------------+------------+------------+----------------+
; Analysis & Synthesis    ; ei143245         ; Windows XP ; 5.1        ; i1586          ;
; Fitter                  ; ei143245         ; Windows XP ; 5.1        ; i1586          ;
; Assembler               ; ei143245         ; Windows XP ; 5.1        ; i1586          ;
; Classic Timing Analyzer ; ei143245         ; Windows XP ; 5.1        ; i1586          ;
+-------------------------+------------------+------------+------------+----------------+


------------
; Flow Log ;
------------
quartus_map --read_settings_files=on --write_settings_files=off Frecuencimetro -c Frecuencimetro
quartus_fit --read_settings_files=off --write_settings_files=off Frecuencimetro -c Frecuencimetro
quartus_asm --read_settings_files=off --write_settings_files=off Frecuencimetro -c Frecuencimetro
quartus_tan --read_settings_files=off --write_settings_files=off Frecuencimetro -c Frecuencimetro



